{
  "RSpec": {
    "coverage": {
      "/Users/arvind/Documents/commercial_projects/visasponsorcheck/app/helpers/application_helper.rb": {
        "lines": [
          1,
          1,
          null
        ]
      },
      "/Users/arvind/Documents/commercial_projects/visasponsorcheck/app/helpers/sponsors_helper.rb": {
        "lines": [
          1,
          1,
          27,
          13,
          13,
          13,
          13,
          null,
          13,
          10,
          10,
          9,
          null,
          1,
          null,
          null,
          10,
          10,
          10,
          10,
          null,
          10,
          null,
          4,
          null,
          5,
          null,
          1,
          null,
          null,
          null,
          3,
          null,
          1,
          null,
          1,
          null,
          1,
          null,
          null,
          null,
          null
        ]
      },
      "/Users/arvind/Documents/commercial_projects/visasponsorcheck/app/jobs/sitemap_refresh_job.rb": {
        "lines": [
          1,
          1,
          null,
          1,
          null,
          null,
          2,
          null,
          1,
          null,
          null,
          null,
          2,
          null,
          1,
          null,
          null,
          null
        ]
      },
      "/Users/arvind/Documents/commercial_projects/visasponsorcheck/app/jobs/application_job.rb": {
        "lines": [
          1,
          null,
          null,
          null,
          null,
          null,
          null
        ]
      },
      "/Users/arvind/Documents/commercial_projects/visasponsorcheck/app/jobs/sponsor_sync_job.rb": {
        "lines": [
          1,
          1,
          null,
          1,
          null,
          1,
          null,
          null,
          1,
          null,
          null
        ]
      },
      "/Users/arvind/Documents/commercial_projects/visasponsorcheck/app/models/company.rb": {
        "lines": [
          1,
          1,
          1,
          null,
          null,
          null,
          1,
          null,
          null,
          1,
          9,
          null,
          null,
          1,
          1,
          1,
          null,
          null,
          1,
          null,
          null,
          1,
          134,
          134,
          null,
          134,
          null,
          null,
          1,
          134,
          null,
          null,
          null,
          null,
          null,
          null,
          null,
          null,
          null,
          1,
          10,
          10,
          null,
          null,
          9,
          null,
          9,
          null,
          null,
          null,
          null,
          null,
          null,
          null,
          null,
          null,
          1,
          6,
          null,
          null,
          null,
          1,
          8,
          null,
          null,
          null,
          null,
          null,
          null,
          1,
          6,
          null,
          null,
          null,
          null,
          null,
          1,
          4,
          null,
          null,
          null,
          null,
          null,
          1,
          4,
          null,
          null,
          null,
          null,
          null,
          null,
          1,
          4,
          null,
          null,
          null,
          null,
          null,
          null,
          null,
          null,
          1,
          5,
          null,
          null,
          null,
          null,
          null,
          null,
          null,
          null,
          null,
          1,
          6,
          null,
          null,
          null,
          null,
          null,
          null,
          1,
          11,
          null,
          null,
          1,
          3,
          null,
          null,
          1,
          4,
          null,
          null,
          null,
          1,
          44,
          null,
          null,
          null,
          1,
          23,
          null,
          null,
          null,
          null,
          null,
          null,
          1,
          229,
          null,
          null,
          1,
          null,
          1,
          117,
          null,
          116,
          116,
          116,
          null,
          null,
          1,
          268,
          268,
          null,
          135,
          null,
          null
        ]
      },
      "/Users/arvind/Documents/commercial_projects/visasponsorcheck/app/models/application_record.rb": {
        "lines": [
          1,
          1,
          null
        ]
      },
      "/Users/arvind/Documents/commercial_projects/visasponsorcheck/app/models/sponsor_change_event.rb": {
        "lines": [
          1,
          null,
          null,
          null,
          null,
          null,
          null,
          1,
          null,
          null,
          null,
          null,
          null,
          null,
          null,
          null,
          null,
          null,
          null,
          1,
          1,
          null,
          null,
          null,
          null,
          null,
          1,
          1,
          null,
          null,
          null,
          null,
          null,
          5,
          2,
          2,
          2,
          2,
          null,
          null,
          null,
          null,
          null,
          1,
          6,
          null,
          1,
          null,
          1,
          null,
          1,
          null,
          1,
          null,
          1,
          null,
          1,
          null,
          0,
          null,
          null,
          null,
          1,
          3,
          1,
          1,
          1,
          null,
          null,
          null
        ]
      },
      "/Users/arvind/Documents/commercial_projects/visasponsorcheck/app/models/sponsor_import_log.rb": {
        "lines": [
          1,
          null,
          null,
          null,
          null,
          1,
          null,
          null,
          null,
          null,
          null,
          1,
          null,
          null,
          null,
          null,
          null,
          null,
          1,
          1,
          null,
          null,
          null,
          null,
          null,
          5,
          5,
          2,
          null,
          null,
          null,
          null,
          null,
          1,
          11,
          null,
          null,
          1,
          9,
          null,
          null,
          null,
          null,
          null,
          null,
          1,
          1,
          null,
          null,
          null,
          null,
          null,
          null,
          1,
          2,
          null,
          1,
          null,
          null,
          1,
          1,
          null,
          null
        ]
      },
      "/Users/arvind/Documents/commercial_projects/visasponsorcheck/app/models/sponsor_licence.rb": {
        "lines": [
          1,
          null,
          null,
          null,
          null,
          1,
          1,
          1,
          null,
          null,
          1,
          null,
          null,
          null,
          null,
          null,
          1,
          null,
          null,
          null,
          null,
          null,
          1,
          1,
          1,
          1,
          1,
          1,
          1,
          1,
          null,
          null,
          null,
          null,
          null,
          null,
          42,
          1,
          1,
          1,
          1,
          null,
          null,
          null,
          null,
          null,
          null,
          null,
          1,
          18,
          null,
          16,
          16,
          null,
          null,
          15,
          null,
          null,
          null,
          null,
          null,
          null,
          null,
          null,
          1,
          9,
          null,
          null,
          1,
          0,
          null,
          null,
          1,
          0,
          null,
          null
        ]
      },
      "/Users/arvind/Documents/commercial_projects/visasponsorcheck/app/services/companies_house_client.rb": {
        "lines": [
          1,
          1,
          1,
          null,
          1,
          1,
          1,
          null,
          1,
          14,
          0,
          null,
          14,
          null,
          null,
          null,
          1,
          11,
          3,
          null,
          null,
          null,
          null,
          8,
          null,
          null,
          null,
          null,
          1,
          null,
          8,
          0,
          null,
          0,
          null,
          null,
          null,
          null,
          8,
          8,
          1,
          1,
          null,
          null,
          7,
          7,
          null,
          7,
          7,
          7,
          7,
          null,
          7,
          null,
          7,
          7,
          null,
          7,
          null,
          6,
          5,
          5,
          null,
          null,
          10,
          null,
          5,
          5,
          null,
          5,
          null,
          null,
          null,
          0,
          null,
          null,
          1,
          1,
          null,
          null,
          0,
          null,
          null,
          null,
          1,
          1,
          null,
          null
        ]
      },
      "/Users/arvind/Documents/commercial_projects/visasponsorcheck/app/services/company_enricher.rb": {
        "lines": [
          1,
          1,
          8,
          null,
          null,
          7,
          null,
          null,
          6,
          5,
          null,
          null,
          null,
          null,
          null,
          1,
          null,
          null,
          null,
          null,
          6,
          null,
          1,
          1,
          null,
          null
        ]
      },
      "/Users/arvind/Documents/commercial_projects/visasponsorcheck/app/services/sponsor_csv_downloader.rb": {
        "lines": [
          1,
          1,
          1,
          1,
          null,
          1,
          1,
          null,
          1,
          2,
          null,
          null,
          1,
          2,
          null,
          null,
          1,
          2,
          1,
          null,
          null,
          1,
          1,
          null,
          0,
          null,
          null,
          1,
          null,
          null,
          1,
          1,
          null,
          1,
          1,
          null,
          null,
          1,
          0,
          0,
          0,
          null,
          null,
          1,
          null,
          null,
          1,
          null,
          null,
          null,
          null,
          null,
          1,
          null,
          1,
          2,
          null,
          null,
          1,
          1,
          1,
          null,
          1,
          null,
          3,
          null,
          null,
          2,
          null,
          1,
          null,
          null,
          1,
          0,
          null,
          1,
          null,
          null,
          null
        ]
      },
      "/Users/arvind/Documents/commercial_projects/visasponsorcheck/app/services/sponsor_csv_parser.rb": {
        "lines": [
          1,
          null,
          1,
          1,
          10,
          null,
          null,
          1,
          10,
          null,
          null,
          1,
          10,
          0,
          null,
          null,
          null,
          10,
          null,
          null,
          null,
          null,
          null,
          10,
          10,
          14,
          14,
          null,
          14,
          11,
          null,
          3,
          null,
          null,
          10,
          null,
          null,
          1,
          null,
          1,
          14,
          null,
          14,
          14,
          14,
          14,
          14,
          null,
          null,
          14,
          null,
          null,
          null,
          null,
          null,
          null,
          null,
          1,
          70,
          298,
          73,
          null,
          null,
          null,
          null
        ]
      },
      "/Users/arvind/Documents/commercial_projects/visasponsorcheck/app/services/sponsor_importer.rb": {
        "lines": [
          1,
          1,
          8,
          null,
          null,
          1,
          8,
          null,
          null,
          1,
          8,
          8,
          null,
          null,
          8,
          null,
          8,
          8,
          null,
          8,
          8,
          null,
          8,
          8,
          null,
          8,
          null,
          8,
          null,
          0,
          0,
          null,
          null,
          null,
          1,
          null,
          1,
          8,
          null,
          null,
          null,
          null,
          null,
          1,
          8,
          8,
          null,
          null,
          null,
          8,
          null,
          null,
          1,
          8,
          11,
          null,
          null,
          11,
          10,
          null,
          1,
          null,
          null,
          null,
          null,
          null,
          null,
          null,
          null,
          null,
          null,
          1,
          11,
          11,
          11,
          null,
          null,
          null,
          1,
          11,
          11,
          null,
          11,
          null,
          11,
          11,
          8,
          8,
          8,
          8,
          8,
          null,
          3,
          3,
          3,
          null,
          11,
          null,
          null,
          1,
          11,
          11,
          0,
          null,
          null,
          11,
          11,
          11,
          null,
          11,
          null,
          11,
          8,
          null,
          null,
          null,
          null,
          null,
          null,
          null,
          8,
          null,
          7,
          null,
          null,
          null,
          null,
          null,
          7,
          null,
          3,
          null,
          null,
          null,
          null,
          null,
          null,
          3,
          1,
          1,
          1,
          null,
          1,
          1,
          1,
          null,
          1,
          1,
          null,
          1,
          0,
          null,
          null,
          null,
          null,
          null,
          null,
          null,
          null,
          null,
          1,
          1,
          null,
          null,
          null,
          null,
          null,
          null,
          null,
          null,
          null,
          1,
          0,
          null,
          null,
          null,
          null,
          null,
          null,
          null,
          null,
          1,
          null,
          2,
          null,
          null,
          null,
          null,
          null,
          1,
          8,
          null,
          8,
          8,
          null,
          1,
          1,
          1,
          null,
          1,
          null,
          null,
          null,
          null,
          null,
          null,
          null,
          0,
          null,
          null,
          null,
          null,
          null,
          null,
          null,
          null,
          8,
          null,
          null,
          1,
          8,
          null,
          null,
          1,
          1,
          1,
          1,
          1,
          null,
          1,
          1,
          1,
          1,
          1,
          null,
          null,
          1,
          null,
          0,
          null,
          null,
          null,
          1,
          8,
          null,
          null,
          null,
          null,
          null,
          null,
          8,
          null,
          null,
          1,
          8,
          0,
          null,
          null,
          null
        ]
      },
      "/Users/arvind/Documents/commercial_projects/visasponsorcheck/app/controllers/home_controller.rb": {
        "lines": [
          1,
          1,
          3,
          3,
          3,
          3,
          3,
          null,
          3,
          null,
          null,
          null,
          null,
          null,
          null,
          null,
          null,
          null,
          null
        ]
      },
      "/Users/arvind/Documents/commercial_projects/visasponsorcheck/app/controllers/application_controller.rb": {
        "lines": [
          1,
          1,
          1,
          null,
          null,
          1,
          null,
          null,
          1,
          null,
          null,
          1,
          null,
          1,
          null,
          1,
          31,
          null,
          null,
          null,
          null,
          null,
          null,
          null,
          null,
          null
        ]
      },
      "/Users/arvind/Documents/commercial_projects/visasponsorcheck/app/controllers/sponsors_controller.rb": {
        "lines": [
          1,
          1,
          null,
          null,
          1,
          2,
          2,
          2,
          null,
          2,
          null,
          null,
          null,
          null,
          null,
          null,
          null,
          1,
          1,
          1,
          2,
          2,
          4,
          null,
          1,
          null,
          1,
          null,
          null,
          null,
          null,
          null,
          null,
          null,
          1,
          3,
          3,
          3,
          null,
          null,
          null,
          3,
          null,
          3,
          1,
          null,
          null,
          2,
          2,
          2,
          null,
          2,
          null,
          null,
          null,
          null,
          null,
          null,
          null,
          1,
          2,
          2,
          null,
          2,
          2,
          null,
          null,
          null,
          2,
          null,
          2,
          1,
          null,
          null,
          1,
          1,
          1,
          null,
          1,
          null,
          null,
          null,
          null,
          null,
          null,
          null,
          1,
          1,
          null,
          null,
          null,
          1,
          null,
          1,
          1,
          1,
          null,
          1,
          null,
          null,
          null,
          null,
          null,
          null,
          null,
          1,
          1,
          null,
          null,
          null,
          1,
          null,
          1,
          1,
          1,
          null,
          1,
          null,
          null,
          null,
          null,
          null,
          null,
          1,
          null,
          1,
          2,
          6,
          null,
          null
        ]
      },
      "/Users/arvind/Documents/commercial_projects/visasponsorcheck/app/controllers/pages_controller.rb": {
        "lines": [
          1,
          1,
          1,
          null,
          null,
          null,
          null,
          null,
          null
        ]
      },
      "/Users/arvind/Documents/commercial_projects/visasponsorcheck/app/controllers/search_controller.rb": {
        "lines": [
          1,
          1,
          6,
          6,
          6,
          null,
          0,
          null,
          null,
          null,
          6,
          4,
          1,
          null,
          3,
          null,
          null,
          2,
          null,
          null,
          null
        ]
      },
      "/Users/arvind/Documents/commercial_projects/visasponsorcheck/app/controllers/companies_controller.rb": {
        "lines": [
          1,
          1,
          3,
          null,
          null,
          null,
          3,
          null,
          null,
          null,
          null,
          3,
          null,
          null,
          null,
          null,
          3,
          3,
          3,
          null,
          null,
          3,
          3,
          3,
          null,
          3,
          3,
          null,
          3,
          null,
          null,
          3,
          null,
          3,
          null,
          null,
          null,
          null,
          null,
          null,
          null,
          null,
          null,
          null,
          null,
          1,
          8,
          8,
          null,
          8,
          8,
          0,
          null,
          null,
          null,
          null,
          8,
          8,
          4,
          null,
          4,
          null,
          null,
          null,
          null,
          null
        ]
      },
      "/Users/arvind/Documents/commercial_projects/visasponsorcheck/app/mailers/application_mailer.rb": {
        "lines": [
          0,
          0,
          0,
          0
        ],
        "branches": {}
      }
    },
    "timestamp": 1783465044
  }
}
